SonarQube plugins:
  - Python Code Quality and Security 3.1.0.7619 (python)
  - CSS Code Quality and Security 1.3.1.1642 (cssfamily)
  - Go Code Quality and Security 1.8.1.1804 (go)
  - JaCoCo 1.1.0.898 (jacoco)
  - Kotlin Code Quality and Security 1.8.1.1804 (kotlin)
  - JavaScript/TypeScript Code Quality and Security 7.0.1.14561 (javascript)
  - Ruby Code Quality and Security 1.8.1.1804 (ruby)
  - Scala Code Quality and Security 1.8.1.1804 (sonarscala)
  - C# Code Quality and Security 8.15.0.24505 (csharp)
  - Java Code Quality and Security 6.9.0.23563 (java)
  - HTML Code Quality and Security 3.3.0.2534 (web)
  - Flex Code Quality and Security 2.6.0.2294 (flex)
  - SonarXML 2.0.1.2020 (xml)
  - PHP Code Quality and Security 3.13.0.6849 (php)
  - VB.NET Code Quality and Security 8.15.0.24505 (vbnet)
Global server settings:
  - sonar.core.id=BF41A1F2-AXcVlYLBJowUtWPsdVR0
  - sonar.core.startTime=2021-01-18T18:46:29+0530
  - sonar.forceAuthentication=true
Project server settings:
Project scanner properties:
  - sonar.exclusions=./node_modules/*, **app.js** , **/coverage/lcov-report**,./src/index.js , ./src/db/mongoose.js
  - sonar.host.url=http://localhost:9000
  - sonar.javascript.lcov.reportPaths=coverage/lcov.info
  - sonar.login=******
  - sonar.password=******
  - sonar.projectBaseDir=/home/nineleaps/Documents/deploymentProject
  - sonar.projectKey=deployment-project
  - sonar.projectName=deployment-project
  - sonar.projectVersion=1.0
  - sonar.scanner.app=ScannerCLI
  - sonar.scanner.appVersion=4.5.0.2216
  - sonar.sourceEncoding=UTF-8
  - sonar.sources=./src/services
  - sonar.test.inclusion=
  - sonar.verbose=true
  - sonar.working.directory=/home/nineleaps/Documents/deploymentProject/.scannerwork
